<?xml version="1.0" encoding="UTF-8"?>
<testng-results total="1" passed="1" failed="0" skipped="0">
  <reporter-output>
  </reporter-output>
  <suite started-at="2023-10-25T10:29:50Z" name="Default suite" finished-at="2023-10-25T10:29:52Z" duration-ms="1490">
    <groups>
    </groups>
    <test started-at="2023-10-25T10:29:50Z" name="Default test" finished-at="2023-10-25T10:29:52Z" duration-ms="1490">
      <class name="com.interview.test">
        <test-method is-config="true" signature="launch()[pri:0, instance:com.interview.test@5f4d427e]" started-at="2023-10-25T15:59:50Z" name="launch" finished-at="2023-10-25T15:59:51Z" duration-ms="1000" status="PASS">
          <reporter-output>
          </reporter-output>
        </test-method> <!-- launch -->
        <test-method signature="InsertData()[pri:0, instance:com.interview.test@5f4d427e]" started-at="2023-10-25T15:59:51Z" name="InsertData" finished-at="2023-10-25T15:59:51Z" duration-ms="403" status="PASS">
          <reporter-output>
          </reporter-output>
        </test-method> <!-- InsertData -->
        <test-method is-config="true" signature="close()[pri:0, instance:com.interview.test@5f4d427e]" started-at="2023-10-25T15:59:51Z" name="close" finished-at="2023-10-25T15:59:52Z" duration-ms="80" status="PASS">
          <reporter-output>
          </reporter-output>
        </test-method> <!-- close -->
      </class> <!-- com.interview.test -->
    </test> <!-- Default test -->
  </suite> <!-- Default suite -->
</testng-results>
